<?xml version="1.0" encoding="utf-8"?><testsuites name="pytest tests"><testsuite name="pytest" errors="0" failures="0" skipped="0" tests="12" time="3.037" timestamp="2026-04-10T19:06:49.992281+00:00" hostname="agent-env-edb73af5-cca6-40c6-afd7-ebe5e41a0d9f"><testcase classname="backend.tests.test_iteration6_google_oauth.TestGoogleOAuthEndpoints" name="test_google_session_missing_session_id" time="0.244" /><testcase classname="backend.tests.test_iteration6_google_oauth.TestGoogleOAuthEndpoints" name="test_google_session_invalid_session_id" time="0.230" /><testcase classname="backend.tests.test_iteration6_google_oauth.TestGoogleOAuthEndpoints" name="test_google_session_empty_session_id" time="0.120" /><testcase classname="backend.tests.test_iteration6_google_oauth.TestRegularEmailLogin" name="test_login_with_valid_credentials" time="0.212" /><testcase classname="backend.tests.test_iteration6_google_oauth.TestRegularEmailLogin" name="test_login_with_invalid_credentials" time="0.119" /><testcase classname="backend.tests.test_iteration6_google_oauth.TestExistingFeatures" name="test_health_endpoint" time="0.130" /><testcase classname="backend.tests.test_iteration6_google_oauth.TestExistingFeatures" name="test_jobs_endpoint" time="0.390" /><testcase classname="backend.tests.test_iteration6_google_oauth.TestExistingFeatures" name="test_translate_status_endpoint" time="0.308" /><testcase classname="backend.tests.test_iteration6_google_oauth.TestExistingFeatures" name="test_payments_stripe_config" time="0.327" /><testcase classname="backend.tests.test_iteration6_google_oauth.TestExistingFeatures" name="test_escrow_3_percent_commission" time="0.465" /><testcase classname="backend.tests.test_iteration6_google_oauth.TestAuthMeEndpoint" name="test_auth_me_with_valid_token" time="0.303" /><testcase classname="backend.tests.test_iteration6_google_oauth.TestAuthMeEndpoint" name="test_auth_me_without_token" time="0.103" /></testsuite></testsuites>