<?xml version="1.0" encoding="utf-8"?><testsuites name="pytest tests"><testsuite name="pytest" errors="0" failures="0" skipped="0" tests="15" time="20.164" timestamp="2026-04-10T16:29:45.407758+00:00" hostname="agent-env-edb73af5-cca6-40c6-afd7-ebe5e41a0d9f"><testcase classname="backend.tests.test_iteration5_features.TestHealthAndConfig" name="test_health_endpoint" time="0.179" /><testcase classname="backend.tests.test_iteration5_features.TestHealthAndConfig" name="test_translate_status_endpoint" time="0.110" /><testcase classname="backend.tests.test_iteration5_features.TestAuthentication" name="test_login_success" time="0.211" /><testcase classname="backend.tests.test_iteration5_features.TestAuthentication" name="test_login_invalid_credentials" time="0.213" /><testcase classname="backend.tests.test_iteration5_features.TestTranslationAPI" name="test_translate_romanian_to_spanish" time="9.102" /><testcase classname="backend.tests.test_iteration5_features.TestTranslationAPI" name="test_translate_same_language" time="0.360" /><testcase classname="backend.tests.test_iteration5_features.TestTranslationAPI" name="test_translate_batch_messages" time="6.893" /><testcase classname="backend.tests.test_iteration5_features.TestTranslationAPI" name="test_translate_requires_auth" time="0.441" /><testcase classname="backend.tests.test_iteration5_features.TestTranslationAPI" name="test_translate_missing_params" time="0.326" /><testcase classname="backend.tests.test_iteration5_features.TestJobsAPI" name="test_get_jobs_list" time="0.165" /><testcase classname="backend.tests.test_iteration5_features.TestJobsAPI" name="test_jobs_have_coordinates" time="0.109" /><testcase classname="backend.tests.test_iteration5_features.TestPaymentsAndCommission" name="test_stripe_config_demo_mode" time="0.473" /><testcase classname="backend.tests.test_iteration5_features.TestPaymentsAndCommission" name="test_create_payment_3_percent_commission" time="0.498" /><testcase classname="backend.tests.test_iteration5_features.TestPaymentsAndCommission" name="test_commission_calculation_various_amounts" time="0.697" /><testcase classname="backend.tests.test_iteration5_features.TestMessagesAPI" name="test_get_conversations" time="0.315" /></testsuite></testsuites>