<?xml version="1.0" encoding="utf-8"?><testsuites name="pytest tests"><testsuite name="pytest" errors="0" failures="6" skipped="1" tests="23" time="3.426" timestamp="2026-04-11T09:29:20.445502+00:00" hostname="agent-env-edb73af5-cca6-40c6-afd7-ebe5e41a0d9f"><testcase classname="backend.tests.test_iteration7_zod_auth.TestZodValidationRegister" name="test_register_invalid_email_format" time="0.204" /><testcase classname="backend.tests.test_iteration7_zod_auth.TestZodValidationRegister" name="test_register_short_password" time="0.105" /><testcase classname="backend.tests.test_iteration7_zod_auth.TestZodValidationRegister" name="test_register_password_no_uppercase" time="0.116" /><testcase classname="backend.tests.test_iteration7_zod_auth.TestZodValidationRegister" name="test_register_password_no_digit" time="0.106" /><testcase classname="backend.tests.test_iteration7_zod_auth.TestZodValidationRegister" name="test_register_short_name" time="0.110" /><testcase classname="backend.tests.test_iteration7_zod_auth.TestZodValidationRegister" name="test_register_valid_data_creates_user" time="0.200" /><testcase classname="backend.tests.test_iteration7_zod_auth.TestZodValidationLogin" name="test_login_invalid_email_format" time="0.107" /><testcase classname="backend.tests.test_iteration7_zod_auth.TestZodValidationLogin" name="test_login_empty_password" time="0.100" /><testcase classname="backend.tests.test_iteration7_zod_auth.TestZodValidationLogin" name="test_login_wrong_password" time="0.179" /><testcase classname="backend.tests.test_iteration7_zod_auth.TestZodValidationLogin" name="test_login_valid_credentials" time="0.234" /><testcase classname="backend.tests.test_iteration7_zod_auth.TestForgotPasswordFlow" name="test_forgot_password_invalid_email_format" time="0.115" /><testcase classname="backend.tests.test_iteration7_zod_auth.TestForgotPasswordFlow" name="test_forgot_password_nonexistent_email" time="0.098" /><testcase classname="backend.tests.test_iteration7_zod_auth.TestForgotPasswordFlow" name="test_forgot_password_valid_email" time="0.104" /><testcase classname="backend.tests.test_iteration7_zod_auth.TestVerifyResetToken" name="test_verify_invalid_token" time="0.097" /><testcase classname="backend.tests.test_iteration7_zod_auth.TestVerifyResetToken" name="test_verify_valid_token" time="0.205" /><testcase classname="backend.tests.test_iteration7_zod_auth.TestResetPassword" name="test_reset_password_invalid_token" time="0.144" /><testcase classname="backend.tests.test_iteration7_zod_auth.TestResetPassword" name="test_reset_password_weak_password" time="0.230"><failure message="assert 429 == 400&#10; +  where 429 = &lt;Response [429]&gt;.status_code">backend/tests/test_iteration7_zod_auth.py:265: in test_reset_password_weak_password
    assert response.status_code == 400
E   assert 429 == 400
E    +  where 429 = &lt;Response [429]&gt;.status_code</failure></testcase><testcase classname="backend.tests.test_iteration7_zod_auth.TestResetPassword" name="test_reset_password_short_password" time="0.102"><skipped type="pytest.skip" message="Could not get reset token from forgot-password">/app/backend/tests/test_iteration7_zod_auth.py:291: Could not get reset token from forgot-password</skipped></testcase><testcase classname="backend.tests.test_iteration7_zod_auth.TestVerifyEmail" name="test_verify_email_invalid_token" time="0.100"><failure message="assert 429 == 400&#10; +  where 429 = &lt;Response [429]&gt;.status_code">backend/tests/test_iteration7_zod_auth.py:300: in test_verify_email_invalid_token
    assert response.status_code == 400
E   assert 429 == 400
E    +  where 429 = &lt;Response [429]&gt;.status_code</failure></testcase><testcase classname="backend.tests.test_iteration7_zod_auth.TestResendVerification" name="test_resend_verification_without_auth" time="0.116"><failure message="assert 429 == 401&#10; +  where 429 = &lt;Response [429]&gt;.status_code">backend/tests/test_iteration7_zod_auth.py:312: in test_resend_verification_without_auth
    assert response.status_code == 401
E   assert 429 == 401
E    +  where 429 = &lt;Response [429]&gt;.status_code</failure></testcase><testcase classname="backend.tests.test_iteration7_zod_auth.TestResendVerification" name="test_resend_verification_with_auth" time="0.196"><failure message="assert 429 == 200&#10; +  where 429 = &lt;Response [429]&gt;.status_code">backend/tests/test_iteration7_zod_auth.py:328: in test_resend_verification_with_auth
    assert response.status_code == 200
E   assert 429 == 200
E    +  where 429 = &lt;Response [429]&gt;.status_code</failure></testcase><testcase classname="backend.tests.test_iteration7_zod_auth.TestFullPasswordResetE2E" name="test_full_password_reset_flow" time="0.105"><failure message="assert 429 == 200&#10; +  where 429 = &lt;Response [429]&gt;.status_code">backend/tests/test_iteration7_zod_auth.py:352: in test_full_password_reset_flow
    assert register_response.status_code == 200
E   assert 429 == 200
E    +  where 429 = &lt;Response [429]&gt;.status_code</failure></testcase><testcase classname="backend.tests.test_iteration7_zod_auth.TestEmailVerificationE2E" name="test_email_verification_flow" time="0.101"><failure message="assert 429 == 200&#10; +  where 429 = &lt;Response [429]&gt;.status_code">backend/tests/test_iteration7_zod_auth.py:417: in test_email_verification_flow
    assert register_response.status_code == 200
E   assert 429 == 200
E    +  where 429 = &lt;Response [429]&gt;.status_code</failure></testcase></testsuite></testsuites>