<?xml version="1.0" encoding="utf-8"?><testsuites name="pytest tests"><testsuite name="pytest" errors="5" failures="2" skipped="0" tests="16" time="1.725" timestamp="2026-04-10T14:11:58.955131+00:00" hostname="agent-env-edb73af5-cca6-40c6-afd7-ebe5e41a0d9f"><testcase classname="tests.test_connectjob_api.TestHealthAndAuth" name="test_health_endpoint" time="0.207" /><testcase classname="tests.test_connectjob_api.TestHealthAndAuth" name="test_login_success" time="0.120"><failure message="assert 429 == 200&#10; +  where 429 = &lt;Response [429]&gt;.status_code">tests/test_connectjob_api.py:46: in test_login_success
    assert response.status_code == 200
E   assert 429 == 200
E    +  where 429 = &lt;Response [429]&gt;.status_code</failure></testcase><testcase classname="tests.test_connectjob_api.TestHealthAndAuth" name="test_login_invalid_credentials" time="0.156"><failure message="assert 429 in [400, 401]&#10; +  where 429 = &lt;Response [429]&gt;.status_code">tests/test_connectjob_api.py:59: in test_login_invalid_credentials
    assert response.status_code in [400, 401]
E   assert 429 in [400, 401]
E    +  where 429 = &lt;Response [429]&gt;.status_code</failure></testcase><testcase classname="tests.test_connectjob_api.TestJobsAPI" name="test_get_jobs_list" time="0.118" /><testcase classname="tests.test_connectjob_api.TestJobsAPI" name="test_jobs_have_required_fields" time="0.145" /><testcase classname="tests.test_connectjob_api.TestJobsAPI" name="test_jobs_have_coordinates" time="0.150" /><testcase classname="tests.test_connectjob_api.TestJobsAPI" name="test_jobs_category_filter" time="0.111" /><testcase classname="tests.test_connectjob_api.TestJobsAPI" name="test_jobs_geo_filter" time="0.114" /><testcase classname="tests.test_connectjob_api.TestPaymentsAPI" name="test_stripe_config" time="0.108" /><testcase classname="tests.test_connectjob_api.TestPaymentsAPI" name="test_create_payment_requires_auth" time="0.136" /><testcase classname="tests.test_connectjob_api.TestPaymentsAPI" name="test_create_payment_with_auth" time="0.130"><error message="failed on setup with &quot;Failed: Authentication failed - cannot proceed with tests&quot;">tests/test_connectjob_api.py:25: in auth_token
    pytest.fail("Authentication failed - cannot proceed with tests")
E   Failed: Authentication failed - cannot proceed with tests</error></testcase><testcase classname="tests.test_connectjob_api.TestPaymentsAPI" name="test_get_my_payments" time="0.000"><error message="failed on setup with &quot;Failed: Authentication failed - cannot proceed with tests&quot;">tests/test_connectjob_api.py:25: in auth_token
    pytest.fail("Authentication failed - cannot proceed with tests")
E   Failed: Authentication failed - cannot proceed with tests</error></testcase><testcase classname="tests.test_connectjob_api.TestDashboardStats" name="test_dashboard_stats_requires_auth" time="0.110" /><testcase classname="tests.test_connectjob_api.TestDashboardStats" name="test_dashboard_stats_with_auth" time="0.000"><error message="failed on setup with &quot;Failed: Authentication failed - cannot proceed with tests&quot;">tests/test_connectjob_api.py:25: in auth_token
    pytest.fail("Authentication failed - cannot proceed with tests")
E   Failed: Authentication failed - cannot proceed with tests</error></testcase><testcase classname="tests.test_connectjob_api.TestMessagesAPI" name="test_get_conversations" time="0.000"><error message="failed on setup with &quot;Failed: Authentication failed - cannot proceed with tests&quot;">tests/test_connectjob_api.py:25: in auth_token
    pytest.fail("Authentication failed - cannot proceed with tests")
E   Failed: Authentication failed - cannot proceed with tests</error></testcase><testcase classname="tests.test_connectjob_api.TestUserProfile" name="test_get_user_profile" time="0.000"><error message="failed on setup with &quot;Failed: Authentication failed - cannot proceed with tests&quot;">tests/test_connectjob_api.py:25: in auth_token
    pytest.fail("Authentication failed - cannot proceed with tests")
E   Failed: Authentication failed - cannot proceed with tests</error></testcase></testsuite></testsuites>