<?xml version="1.0" encoding="utf-8"?><testsuites name="pytest tests"><testsuite name="pytest" errors="0" failures="0" skipped="0" tests="8" time="4.021" timestamp="2026-04-11T17:24:24.851655+00:00" hostname="agent-env-edb73af5-cca6-40c6-afd7-ebe5e41a0d9f"><testcase classname="backend.tests.test_iteration9_trial.TestTrialAutoActivation" name="test_new_user_registration_gets_pro_trial" time="1.007" /><testcase classname="backend.tests.test_iteration9_trial.TestTrialAutoActivation" name="test_new_user_subscription_shows_trial_info" time="1.366" /><testcase classname="backend.tests.test_iteration9_trial.TestStartTrialEndpoint" name="test_start_trial_requires_auth" time="0.054" /><testcase classname="backend.tests.test_iteration9_trial.TestStartTrialEndpoint" name="test_start_trial_rejects_if_already_used" time="0.177" /><testcase classname="backend.tests.test_iteration9_trial.TestTrialAutoDowngrade" name="test_expired_trial_downgrades_to_free" time="1.047" /><testcase classname="backend.tests.test_iteration9_trial.TestSubscriptionPlansAPI" name="test_plans_endpoint_returns_three_plans" time="0.053" /><testcase classname="backend.tests.test_iteration9_trial.TestPreviousFeaturesStillWork" name="test_checkout_endpoint_works" time="0.069" /><testcase classname="backend.tests.test_iteration9_trial.TestPreviousFeaturesStillWork" name="test_cancel_endpoint_works" time="0.060" /></testsuite></testsuites>