<?xml version="1.0" encoding="utf-8"?><testsuites name="pytest tests"><testsuite name="pytest" errors="0" failures="0" skipped="0" tests="25" time="5.402" timestamp="2026-04-11T15:34:44.187261+00:00" hostname="agent-env-edb73af5-cca6-40c6-afd7-ebe5e41a0d9f"><testcase classname="backend.tests.test_iteration8_subscriptions.TestSubscriptionPlans" name="test_get_plans_returns_three_plans" time="0.217" /><testcase classname="backend.tests.test_iteration8_subscriptions.TestSubscriptionPlans" name="test_free_plan_details" time="0.126" /><testcase classname="backend.tests.test_iteration8_subscriptions.TestSubscriptionPlans" name="test_pro_plan_details" time="0.110" /><testcase classname="backend.tests.test_iteration8_subscriptions.TestSubscriptionPlans" name="test_premium_plan_details" time="0.110" /><testcase classname="backend.tests.test_iteration8_subscriptions.TestSubscriptionMyPlan" name="test_my_subscription_requires_auth" time="0.113" /><testcase classname="backend.tests.test_iteration8_subscriptions.TestSubscriptionMyPlan" name="test_my_subscription_returns_plan" time="0.310" /><testcase classname="backend.tests.test_iteration8_subscriptions.TestSubscriptionCheckout" name="test_checkout_requires_auth" time="0.108" /><testcase classname="backend.tests.test_iteration8_subscriptions.TestSubscriptionCheckout" name="test_checkout_invalid_plan" time="0.342" /><testcase classname="backend.tests.test_iteration8_subscriptions.TestSubscriptionCheckout" name="test_checkout_free_plan_rejected" time="0.348" /><testcase classname="backend.tests.test_iteration8_subscriptions.TestSubscriptionCheckout" name="test_checkout_pro_simulated" time="0.304" /><testcase classname="backend.tests.test_iteration8_subscriptions.TestSubscriptionCancel" name="test_cancel_requires_auth" time="0.171" /><testcase classname="backend.tests.test_iteration8_subscriptions.TestSubscriptionCancel" name="test_cancel_subscription" time="0.467" /><testcase classname="backend.tests.test_iteration8_subscriptions.TestCheckoutStatus" name="test_checkout_status_requires_auth" time="0.147" /><testcase classname="backend.tests.test_iteration8_subscriptions.TestCheckoutStatus" name="test_checkout_status_not_found" time="0.304" /><testcase classname="backend.tests.test_iteration8_subscriptions.TestCheckoutStatus" name="test_checkout_status_for_simulated_session" time="0.404" /><testcase classname="backend.tests.test_iteration8_subscriptions.TestStripeConnect" name="test_connect_onboard_requires_auth" time="0.117" /><testcase classname="backend.tests.test_iteration8_subscriptions.TestStripeConnect" name="test_connect_status_requires_auth" time="0.146" /><testcase classname="backend.tests.test_iteration8_subscriptions.TestStripeConnect" name="test_connect_onboard_simulated" time="0.313" /><testcase classname="backend.tests.test_iteration8_subscriptions.TestStripeConnect" name="test_connect_status" time="0.294" /><testcase classname="backend.tests.test_iteration8_subscriptions.TestChatModeration" name="test_moderation_blocks_phone_numbers" time="0.000" /><testcase classname="backend.tests.test_iteration8_subscriptions.TestChatModeration" name="test_moderation_blocks_email_addresses" time="0.000" /><testcase classname="backend.tests.test_iteration8_subscriptions.TestChatModeration" name="test_moderation_blocks_urls" time="0.000" /><testcase classname="backend.tests.test_iteration8_subscriptions.TestChatModeration" name="test_moderation_blocks_social_handles" time="0.000" /><testcase classname="backend.tests.test_iteration8_subscriptions.TestChatModeration" name="test_moderation_allows_normal_messages" time="0.000" /><testcase classname="backend.tests.test_iteration8_subscriptions.TestE2ESubscriptionFlow" name="test_full_subscription_flow" time="0.752" /></testsuite></testsuites>