<?xml version="1.0" encoding="utf-8"?><testsuites name="pytest tests"><testsuite name="pytest" errors="0" failures="0" skipped="0" tests="14" time="2.301" timestamp="2026-04-10T06:36:56.880109+00:00" hostname="agent-env-edb73af5-cca6-40c6-afd7-ebe5e41a0d9f"><testcase classname="backend.tests.test_map_and_payments.TestJobsAPI" name="test_get_jobs_returns_list" time="0.202" /><testcase classname="backend.tests.test_map_and_payments.TestJobsAPI" name="test_jobs_have_geo_coordinates" time="0.152" /><testcase classname="backend.tests.test_map_and_payments.TestJobsAPI" name="test_jobs_have_required_fields" time="0.116" /><testcase classname="backend.tests.test_map_and_payments.TestJobsAPI" name="test_jobs_geo_filter" time="0.131" /><testcase classname="backend.tests.test_map_and_payments.TestJobsAPI" name="test_jobs_category_filter" time="0.121" /><testcase classname="backend.tests.test_map_and_payments.TestPaymentsAPI" name="test_stripe_config_endpoint" time="0.102" /><testcase classname="backend.tests.test_map_and_payments.TestPaymentsAPI" name="test_create_payment_intent_simulated" time="0.476" /><testcase classname="backend.tests.test_map_and_payments.TestPaymentsAPI" name="test_create_payment_requires_auth" time="0.097" /><testcase classname="backend.tests.test_map_and_payments.TestPaymentsAPI" name="test_get_my_payments" time="0.123" /><testcase classname="backend.tests.test_map_and_payments.TestStatsAPI" name="test_dashboard_stats_requires_auth" time="0.103" /><testcase classname="backend.tests.test_map_and_payments.TestStatsAPI" name="test_dashboard_stats_returns_data" time="0.116" /><testcase classname="backend.tests.test_map_and_payments.TestHealthAndAuth" name="test_health_endpoint" time="0.107" /><testcase classname="backend.tests.test_map_and_payments.TestHealthAndAuth" name="test_login_success" time="0.176" /><testcase classname="backend.tests.test_map_and_payments.TestHealthAndAuth" name="test_login_invalid_credentials" time="0.101" /></testsuite></testsuites>