<?xml version="1.0" encoding="utf-8"?><testsuites name="pytest tests"><testsuite name="pytest" errors="0" failures="0" skipped="0" tests="18" time="4.434" timestamp="2026-04-10T14:49:38.094949+00:00" hostname="agent-env-edb73af5-cca6-40c6-afd7-ebe5e41a0d9f"><testcase classname="backend.tests.test_production_config.TestHealthEndpoint" name="test_health_returns_ok" time="0.194" /><testcase classname="backend.tests.test_production_config.TestConfigStatusEndpoint" name="test_config_status_returns_services" time="0.174" /><testcase classname="backend.tests.test_production_config.TestConfigStatusEndpoint" name="test_config_status_database_active" time="0.123" /><testcase classname="backend.tests.test_production_config.TestConfigStatusEndpoint" name="test_config_status_stripe_simulated" time="0.101" /><testcase classname="backend.tests.test_production_config.TestConfigStatusEndpoint" name="test_config_status_email_inactive" time="0.124" /><testcase classname="backend.tests.test_production_config.TestConfigStatusEndpoint" name="test_config_status_cloudinary_local" time="0.124" /><testcase classname="backend.tests.test_production_config.TestConfigStatusEndpoint" name="test_config_status_push_active" time="0.113" /><testcase classname="backend.tests.test_production_config.TestConfigStatusEndpoint" name="test_config_status_jwt_secure" time="0.125" /><testcase classname="backend.tests.test_production_config.TestStripeConfigEndpoint" name="test_stripe_config_returns_configured_false" time="0.114" /><testcase classname="backend.tests.test_production_config.TestAdminLogin" name="test_login_with_admin_credentials" time="0.235" /><testcase classname="backend.tests.test_production_config.TestEscrowPaymentFlow" name="test_create_payment_intent_simulated" time="0.459" /><testcase classname="backend.tests.test_production_config.TestEscrowPaymentFlow" name="test_release_payment_simulated" time="0.564" /><testcase classname="backend.tests.test_production_config.TestEscrowPaymentFlow" name="test_dispute_payment_simulated" time="0.546" /><testcase classname="backend.tests.test_production_config.TestExistingNavigation" name="test_jobs_endpoint" time="0.114" /><testcase classname="backend.tests.test_production_config.TestExistingNavigation" name="test_reviews_endpoint" time="0.292" /><testcase classname="backend.tests.test_production_config.TestExistingNavigation" name="test_contracts_endpoint" time="0.309" /><testcase classname="backend.tests.test_production_config.TestExistingNavigation" name="test_notifications_endpoint" time="0.316" /><testcase classname="backend.tests.test_production_config.TestExistingNavigation" name="test_stats_endpoint" time="0.313" /></testsuite></testsuites>